{"level":"info","time":"2025-07-29 10:39:41","msg":"数据库迁移成功"}
{"level":"info","time":"2025-07-29 10:39:41","msg":"定时任务管理器启动成功"}
{"level":"info","time":"2025-07-29 10:39:41","msg":"定时任务管理器启动成功"}
{"level":"info","time":"2025-07-29 10:44:06","msg":"Shutting down server..."}
{"level":"error","time":"2025-07-29 10:44:06","msg":"listen: http: Server closed\n","stacktrace":"main.run.func1\n\tD:/go_project/CloudFile/CloudFile/server/main.go:39"}
{"level":"info","time":"2025-07-29 10:44:06","msg":"shutdown-->ok"}
{"level":"info","time":"2025-07-29 10:44:06","msg":"定时任务管理器已停止"}
port) is normally permitted.\n","stacktrace":"main.run.func1\n\tD:/go_project/CloudFile/CloudFile/server/main.go:39"}
{"level":"info","time":"2025-07-29 10:44:09","msg":"Shutting down server..."}
{"level":"info","time":"2025-07-29 10:44:09","msg":"shutdown-->ok"}
{"level":"info","time":"2025-07-29 10:44:09","msg":"定时任务管理器已停止"}
{"level":"info","time":"2025-07-29 10:44:24","msg":"数据库迁移成功"}
{"level":"info","time":"2025-07-29 10:44:24","msg":"定时任务管理器启动成功"}
{"level":"info","time":"2025-07-29 10:44:24","msg":"定时任务管理器启动成功"}
{"level":"info","time":"2025-07-29 10:49:22","msg":"数据库迁移成功"}
{"level":"info","time":"2025-07-29 10:49:22","msg":"定时任务管理器启动成功"}
{"level":"info","time":"2025-07-29 10:49:22","msg":"定时任务管理器启动成功"}
{"level":"error","time":"2025-07-29 10:49:22","msg":"listen: listen tcp :8080: bind: Only one usage of each socket address (protocol/network address/port) is normally permitted.\n","stacktrace":"main.run.func1\n\tD:/go_project/CloudFile/CloudFile/server/main.go:39"}
{"level":"info","time":"2025-07-29 10:49:44","msg":"Shutting down server..."}
{"level":"error","time":"2025-07-29 10:49:44","msg":"listen: http: Server closed\n","stacktrace":"main.run.func1\n\tD:/go_project/CloudFile/CloudFile/server/main.go:39"}
{"level":"info","time":"2025-07-29 10:49:44","msg":"shutdown-->ok"}
{"level":"info","time":"2025-07-29 10:49:44","msg":"定时任务管理器已停止"}
{"level":"info","time":"2025-07-29 10:50:21","msg":"数据库迁移成功"}
{"level":"info","time":"2025-07-29 10:50:21","msg":"定时任务管理器启动成功"}
{"level":"info","time":"2025-07-29 10:50:21","msg":"定时任务管理器启动成功"}
{"level":"info","time":"2025-07-29 10:53:23","msg":"Shutting down server..."}
{"level":"info","time":"2025-07-29 10:53:23","msg":"shutdown-->ok"}
{"level":"info","time":"2025-07-29 10:53:23","msg":"定时任务管理器已停止"}
{"level":"error","time":"2025-07-29 10:53:23","msg":"listen: http: Server closed\n","stacktrace":"main.run.func1\n\tD:/go_project/CloudFile/CloudFile/server/main.go:39"}
