{"level":"error","time":"2025-04-12 15:06:26","msg":"创建文件组失败:Error 1146 (42S02): Table 'file_manager.gc_file_group_add' doesn't exist","stacktrace":"server/app/controllers/file.(*FileGroupController).Save\n\tD:/go_project/CloudFile/server/app/controllers/file/fileGroupController.go:50\ngithub.com/gin-gonic/gin.(*Context).Next\n\tC:/Users/1/go/pkg/mod/github.com/gin-gonic/gin@v1.10.0/context.go:185\nserver/router.RouteInit.JWTAuth.func5\n\tD:/go_project/CloudFile/server/app/middleware/jwt.go:44\ngithub.com/gin-gonic/gin.(*Context).Next\n\tC:/Users/1/go/pkg/mod/github.com/gin-gonic/gin@v1.10.0/context.go:185\nserver/router.RouteInit.Cors.func1\n\tD:/go_project/CloudFile/server/app/middleware/cors.go:22\ngithub.com/gin-gonic/gin.(*Context).Next\n\tC:/Users/1/go/pkg/mod/github.com/gin-gonic/gin@v1.10.0/context.go:185\ngithub.com/gin-gonic/gin.CustomRecoveryWithWriter.func1\n\tC:/Users/1/go/pkg/mod/github.com/gin-gonic/gin@v1.10.0/recovery.go:102\ngithub.com/gin-gonic/gin.(*Context).Next\n\tC:/Users/1/go/pkg/mod/github.com/gin-gonic/gin@v1.10.0/context.go:185\ngithub.com/gin-gonic/gin.LoggerWithConfig.func1\n\tC:/Users/1/go/pkg/mod/github.com/gin-gonic/gin@v1.10.0/logger.go:249\ngithub.com/gin-gonic/gin.(*Context).Next\n\tC:/Users/1/go/pkg/mod/github.com/gin-gonic/gin@v1.10.0/context.go:185\ngithub.com/gin-gonic/gin.(*Engine).handleHTTPRequest\n\tC:/Users/1/go/pkg/mod/github.com/gin-gonic/gin@v1.10.0/gin.go:633\ngithub.com/gin-gonic/gin.(*Engine).ServeHTTP\n\tC:/Users/1/go/pkg/mod/github.com/gin-gonic/gin@v1.10.0/gin.go:589\nnet/http.serverHandler.ServeHTTP\n\tD:/soft/Go/go1.24.0.windows-amd64/go/src/net/http/server.go:3301\nnet/http.(*conn).serve\n\tD:/soft/Go/go1.24.0.windows-amd64/go/src/net/http/server.go:2102"}
{"level":"info","time":"2025-04-12 15:11:19","msg":"Shutting down server..."}
{"level":"error","time":"2025-04-12 15:11:19","msg":"listen: http: Server closed\n","stacktrace":"main.run.func1\n\tD:/go_project/CloudFile/server/main.go:39"}
{"level":"info","time":"2025-04-12 15:11:19","msg":"shutdown-->ok"}
{"level":"info","time":"2025-04-12 15:13:18","msg":"Shutting down server..."}
{"level":"error","time":"2025-04-12 15:13:18","msg":"listen: http: Server closed\n","stacktrace":"main.run.func1\n\tD:/go_project/CloudFile/server/main.go:39"}
{"level":"info","time":"2025-04-12 15:13:18","msg":"shutdown-->ok"}
{"level":"info","time":"2025-04-12 16:17:04","msg":"Shutting down server..."}
{"level":"error","time":"2025-04-12 16:17:04","msg":"listen: http: Server closed\n","stacktrace":"main.run.func1\n\tD:/go_project/CloudFile/server/main.go:39"}
{"level":"info","time":"2025-04-12 16:17:04","msg":"shutdown-->ok"}
{"level":"info","time":"2025-04-12 16:22:43","msg":"Shutting down server..."}
{"level":"error","time":"2025-04-12 16:22:43","msg":"listen: http: Server closed\n","stacktrace":"main.run.func1\n\tD:/go_project/CloudFile/server/main.go:39"}
{"level":"info","time":"2025-04-12 16:22:43","msg":"shutdown-->ok"}
{"level":"info","time":"2025-04-12 16:23:44","msg":"Shutting down server..."}
{"level":"error","time":"2025-04-12 16:23:44","msg":"listen: http: Server closed\n","stacktrace":"main.run.func1\n\tD:/go_project/CloudFile/server/main.go:39"}
{"level":"info","time":"2025-04-12 16:23:44","msg":"shutdown-->ok"}
{"level":"info","time":"2025-04-12 16:25:21","msg":"Shutting down server..."}
{"level":"error","time":"2025-04-12 16:25:21","msg":"listen: http: Server closed\n","stacktrace":"main.run.func1\n\tD:/go_project/CloudFile/server/main.go:39"}
{"level":"info","time":"2025-04-12 16:25:21","msg":"shutdown-->ok"}
{"level":"info","time":"2025-04-12 16:25:36","msg":"Shutting down server..."}
{"level":"info","time":"2025-04-12 16:25:36","msg":"shutdown-->ok"}
{"level":"info","time":"2025-04-12 16:26:09","msg":"Shutting down server..."}
{"level":"error","time":"2025-04-12 16:26:09","msg":"listen: http: Server closed\n","stacktrace":"main.run.func1\n\tD:/go_project/CloudFile/server/main.go:39"}
{"level":"info","time":"2025-04-12 16:26:09","msg":"shutdown-->ok"}
{"level":"info","time":"2025-04-12 16:44:37","msg":"Shutting down server..."}
{"level":"info","time":"2025-04-12 16:44:37","msg":"shutdown-->ok"}
{"level":"error","time":"2025-04-12 16:44:37","msg":"listen: http: Server closed\n","stacktrace":"main.run.func1\n\tD:/go_project/CloudFile/server/main.go:39"}
{"level":"error","time":"2025-04-12 16:53:02","msg":"检查关联文件失败:Error 1054 (42S22): Unknown column 'group_id' in 'where clause'","stacktrace":"server/app/controllers/file.(*FileGroupController).Delete\n\tD:/go_project/CloudFile/server/app/controllers/file/fileGroupController.go:103\ngithub.com/gin-gonic/gin.(*Context).Next\n\tC:/Users/1/go/pkg/mod/github.com/gin-gonic/gin@v1.10.0/context.go:185\nserver/router.RouteInit.JWTAuth.func5\n\tD:/go_project/CloudFile/server/app/middleware/jwt.go:44\ngithub.com/gin-gonic/gin.(*Context).Next\n\tC:/Users/1/go/pkg/mod/github.com/gin-gonic/gin@v1.10.0/context.go:185\nserver/router.RouteInit.Cors.func1\n\tD:/go_project/CloudFile/server/app/middleware/cors.go:22\ngithub.com/gin-gonic/gin.(*Context).Next\n\tC:/Users/1/go/pkg/mod/github.com/gin-gonic/gin@v1.10.0/context.go:185\ngithub.com/gin-gonic/gin.CustomRecoveryWithWriter.func1\n\tC:/Users/1/go/pkg/mod/github.com/gin-gonic/gin@v1.10.0/recovery.go:102\ngithub.com/gin-gonic/gin.(*Context).Next\n\tC:/Users/1/go/pkg/mod/github.com/gin-gonic/gin@v1.10.0/context.go:185\ngithub.com/gin-gonic/gin.LoggerWithConfig.func1\n\tC:/Users/1/go/pkg/mod/github.com/gin-gonic/gin@v1.10.0/logger.go:249\ngithub.com/gin-gonic/gin.(*Context).Next\n\tC:/Users/1/go/pkg/mod/github.com/gin-gonic/gin@v1.10.0/context.go:185\ngithub.com/gin-gonic/gin.(*Engine).handleHTTPRequest\n\tC:/Users/1/go/pkg/mod/github.com/gin-gonic/gin@v1.10.0/gin.go:633\ngithub.com/gin-gonic/gin.(*Engine).ServeHTTP\n\tC:/Users/1/go/pkg/mod/github.com/gin-gonic/gin@v1.10.0/gin.go:589\nnet/http.serverHandler.ServeHTTP\n\tD:/soft/Go/go1.24.0.windows-amd64/go/src/net/http/server.go:3301\nnet/http.(*conn).serve\n\tD:/soft/Go/go1.24.0.windows-amd64/go/src/net/http/server.go:2102"}
{"level":"error","time":"2025-04-12 16:53:41","msg":"检查关联文件失败:Error 1054 (42S22): Unknown column 'group_id' in 'where clause'","stacktrace":"server/app/controllers/file.(*FileGroupController).Delete\n\tD:/go_project/CloudFile/server/app/controllers/file/fileGroupController.go:103\ngithub.com/gin-gonic/gin.(*Context).Next\n\tC:/Users/1/go/pkg/mod/github.com/gin-gonic/gin@v1.10.0/context.go:185\nserver/router.RouteInit.JWTAuth.func5\n\tD:/go_project/CloudFile/server/app/middleware/jwt.go:44\ngithub.com/gin-gonic/gin.(*Context).Next\n\tC:/Users/1/go/pkg/mod/github.com/gin-gonic/gin@v1.10.0/context.go:185\nserver/router.RouteInit.Cors.func1\n\tD:/go_project/CloudFile/server/app/middleware/cors.go:22\ngithub.com/gin-gonic/gin.(*Context).Next\n\tC:/Users/1/go/pkg/mod/github.com/gin-gonic/gin@v1.10.0/context.go:185\ngithub.com/gin-gonic/gin.CustomRecoveryWithWriter.func1\n\tC:/Users/1/go/pkg/mod/github.com/gin-gonic/gin@v1.10.0/recovery.go:102\ngithub.com/gin-gonic/gin.(*Context).Next\n\tC:/Users/1/go/pkg/mod/github.com/gin-gonic/gin@v1.10.0/context.go:185\ngithub.com/gin-gonic/gin.LoggerWithConfig.func1\n\tC:/Users/1/go/pkg/mod/github.com/gin-gonic/gin@v1.10.0/logger.go:249\ngithub.com/gin-gonic/gin.(*Context).Next\n\tC:/Users/1/go/pkg/mod/github.com/gin-gonic/gin@v1.10.0/context.go:185\ngithub.com/gin-gonic/gin.(*Engine).handleHTTPRequest\n\tC:/Users/1/go/pkg/mod/github.com/gin-gonic/gin@v1.10.0/gin.go:633\ngithub.com/gin-gonic/gin.(*Engine).ServeHTTP\n\tC:/Users/1/go/pkg/mod/github.com/gin-gonic/gin@v1.10.0/gin.go:589\nnet/http.serverHandler.ServeHTTP\n\tD:/soft/Go/go1.24.0.windows-amd64/go/src/net/http/server.go:3301\nnet/http.(*conn).serve\n\tD:/soft/Go/go1.24.0.windows-amd64/go/src/net/http/server.go:2102"}
{"level":"info","time":"2025-04-12 16:59:54","msg":"Shutting down server..."}
{"level":"error","time":"2025-04-12 16:59:54","msg":"listen: http: Server closed\n","stacktrace":"main.run.func1\n\tD:/go_project/CloudFile/server/main.go:39"}
{"level":"info","time":"2025-04-12 16:59:54","msg":"shutdown-->ok"}
{"level":"info","time":"2025-04-12 17:12:46","msg":"Shutting down server..."}
{"level":"error","time":"2025-04-12 17:12:46","msg":"listen: http: Server closed\n","stacktrace":"main.run.func1\n\tD:/go_project/CloudFile/server/main.go:39"}
{"level":"info","time":"2025-04-12 17:12:46","msg":"shutdown-->ok"}
{"level":"info","time":"2025-04-12 17:13:34","msg":"Shutting down server..."}
{"level":"error","time":"2025-04-12 17:13:34","msg":"listen: http: Server closed\n","stacktrace":"main.run.func1\n\tD:/go_project/CloudFile/server/main.go:39"}
{"level":"info","time":"2025-04-12 17:13:34","msg":"shutdown-->ok"}
{"level":"error","time":"2025-04-12 17:14:19","msg":"获取关联文件失败:Error 1054 (42S22): Unknown column 'group' in 'where clause'","stacktrace":"server/app/controllers/file.(*FileGroupController).Check\n\tD:/go_project/CloudFile/server/app/controllers/file/fileGroupController.go:176\ngithub.com/gin-gonic/gin.(*Context).Next\n\tC:/Users/1/go/pkg/mod/github.com/gin-gonic/gin@v1.10.0/context.go:185\nserver/router.RouteInit.JWTAuth.func5\n\tD:/go_project/CloudFile/server/app/middleware/jwt.go:44\ngithub.com/gin-gonic/gin.(*Context).Next\n\tC:/Users/1/go/pkg/mod/github.com/gin-gonic/gin@v1.10.0/context.go:185\nserver/router.RouteInit.Cors.func1\n\tD:/go_project/CloudFile/server/app/middleware/cors.go:22\ngithub.com/gin-gonic/gin.(*Context).Next\n\tC:/Users/1/go/pkg/mod/github.com/gin-gonic/gin@v1.10.0/context.go:185\ngithub.com/gin-gonic/gin.CustomRecoveryWithWriter.func1\n\tC:/Users/1/go/pkg/mod/github.com/gin-gonic/gin@v1.10.0/recovery.go:102\ngithub.com/gin-gonic/gin.(*Context).Next\n\tC:/Users/1/go/pkg/mod/github.com/gin-gonic/gin@v1.10.0/context.go:185\ngithub.com/gin-gonic/gin.LoggerWithConfig.func1\n\tC:/Users/1/go/pkg/mod/github.com/gin-gonic/gin@v1.10.0/logger.go:249\ngithub.com/gin-gonic/gin.(*Context).Next\n\tC:/Users/1/go/pkg/mod/github.com/gin-gonic/gin@v1.10.0/context.go:185\ngithub.com/gin-gonic/gin.(*Engine).handleHTTPRequest\n\tC:/Users/1/go/pkg/mod/github.com/gin-gonic/gin@v1.10.0/gin.go:633\ngithub.com/gin-gonic/gin.(*Engine).ServeHTTP\n\tC:/Users/1/go/pkg/mod/github.com/gin-gonic/gin@v1.10.0/gin.go:589\nnet/http.serverHandler.ServeHTTP\n\tD:/soft/Go/go1.24.0.windows-amd64/go/src/net/http/server.go:3301\nnet/http.(*conn).serve\n\tD:/soft/Go/go1.24.0.windows-amd64/go/src/net/http/server.go:2102"}
{"level":"info","time":"2025-04-12 17:14:33","msg":"Shutting down server..."}
{"level":"error","time":"2025-04-12 17:14:33","msg":"listen: http: Server closed\n","stacktrace":"main.run.func1\n\tD:/go_project/CloudFile/server/main.go:39"}
{"level":"info","time":"2025-04-12 17:14:33","msg":"shutdown-->ok"}
{"level":"info","time":"2025-04-12 17:25:02","msg":"Shutting down server..."}
{"level":"error","time":"2025-04-12 17:25:02","msg":"listen: http: Server closed\n","stacktrace":"main.run.func1\n\tD:/go_project/CloudFile/server/main.go:39"}
{"level":"info","time":"2025-04-12 17:25:02","msg":"shutdown-->ok"}
{"level":"error","time":"2025-04-12 17:25:14","msg":"强制删除失败:Error 1054 (42S22): Unknown column 'group' in 'where clause'","stacktrace":"server/app/controllers/file.(*FileGroupController).Delete\n\tD:/go_project/CloudFile/server/app/controllers/file/fileGroupController.go:87\ngithub.com/gin-gonic/gin.(*Context).Next\n\tC:/Users/1/go/pkg/mod/github.com/gin-gonic/gin@v1.10.0/context.go:185\nserver/router.RouteInit.JWTAuth.func5\n\tD:/go_project/CloudFile/server/app/middleware/jwt.go:44\ngithub.com/gin-gonic/gin.(*Context).Next\n\tC:/Users/1/go/pkg/mod/github.com/gin-gonic/gin@v1.10.0/context.go:185\nserver/router.RouteInit.Cors.func1\n\tD:/go_project/CloudFile/server/app/middleware/cors.go:22\ngithub.com/gin-gonic/gin.(*Context).Next\n\tC:/Users/1/go/pkg/mod/github.com/gin-gonic/gin@v1.10.0/context.go:185\ngithub.com/gin-gonic/gin.CustomRecoveryWithWriter.func1\n\tC:/Users/1/go/pkg/mod/github.com/gin-gonic/gin@v1.10.0/recovery.go:102\ngithub.com/gin-gonic/gin.(*Context).Next\n\tC:/Users/1/go/pkg/mod/github.com/gin-gonic/gin@v1.10.0/context.go:185\ngithub.com/gin-gonic/gin.LoggerWithConfig.func1\n\tC:/Users/1/go/pkg/mod/github.com/gin-gonic/gin@v1.10.0/logger.go:249\ngithub.com/gin-gonic/gin.(*Context).Next\n\tC:/Users/1/go/pkg/mod/github.com/gin-gonic/gin@v1.10.0/context.go:185\ngithub.com/gin-gonic/gin.(*Engine).handleHTTPRequest\n\tC:/Users/1/go/pkg/mod/github.com/gin-gonic/gin@v1.10.0/gin.go:633\ngithub.com/gin-gonic/gin.(*Engine).ServeHTTP\n\tC:/Users/1/go/pkg/mod/github.com/gin-gonic/gin@v1.10.0/gin.go:589\nnet/http.serverHandler.ServeHTTP\n\tD:/soft/Go/go1.24.0.windows-amd64/go/src/net/http/server.go:3301\nnet/http.(*conn).serve\n\tD:/soft/Go/go1.24.0.windows-amd64/go/src/net/http/server.go:2102"}
{"level":"info","time":"2025-04-12 17:25:25","msg":"Shutting down server..."}
{"level":"error","time":"2025-04-12 17:25:25","msg":"listen: http: Server closed\n","stacktrace":"main.run.func1\n\tD:/go_project/CloudFile/server/main.go:39"}
{"level":"info","time":"2025-04-12 17:25:25","msg":"shutdown-->ok"}
{"level":"info","time":"2025-04-12 17:29:51","msg":"Shutting down server..."}
{"level":"error","time":"2025-04-12 17:29:51","msg":"listen: http: Server closed\n","stacktrace":"main.run.func1\n\tD:/go_project/CloudFile/server/main.go:39"}
{"level":"info","time":"2025-04-12 17:29:51","msg":"shutdown-->ok"}
{"level":"error","time":"2025-04-12 17:30:03","msg":"强制删除失败:删除关联文件失败: Error 1054 (42S22): Unknown column 'group' in 'where clause'","stacktrace":"server/app/controllers/file.(*FileGroupController).Delete\n\tD:/go_project/CloudFile/server/app/controllers/file/fileGroupController.go:87\ngithub.com/gin-gonic/gin.(*Context).Next\n\tC:/Users/1/go/pkg/mod/github.com/gin-gonic/gin@v1.10.0/context.go:185\nserver/router.RouteInit.JWTAuth.func5\n\tD:/go_project/CloudFile/server/app/middleware/jwt.go:44\ngithub.com/gin-gonic/gin.(*Context).Next\n\tC:/Users/1/go/pkg/mod/github.com/gin-gonic/gin@v1.10.0/context.go:185\nserver/router.RouteInit.Cors.func1\n\tD:/go_project/CloudFile/server/app/middleware/cors.go:22\ngithub.com/gin-gonic/gin.(*Context).Next\n\tC:/Users/1/go/pkg/mod/github.com/gin-gonic/gin@v1.10.0/context.go:185\ngithub.com/gin-gonic/gin.CustomRecoveryWithWriter.func1\n\tC:/Users/1/go/pkg/mod/github.com/gin-gonic/gin@v1.10.0/recovery.go:102\ngithub.com/gin-gonic/gin.(*Context).Next\n\tC:/Users/1/go/pkg/mod/github.com/gin-gonic/gin@v1.10.0/context.go:185\ngithub.com/gin-gonic/gin.LoggerWithConfig.func1\n\tC:/Users/1/go/pkg/mod/github.com/gin-gonic/gin@v1.10.0/logger.go:249\ngithub.com/gin-gonic/gin.(*Context).Next\n\tC:/Users/1/go/pkg/mod/github.com/gin-gonic/gin@v1.10.0/context.go:185\ngithub.com/gin-gonic/gin.(*Engine).handleHTTPRequest\n\tC:/Users/1/go/pkg/mod/github.com/gin-gonic/gin@v1.10.0/gin.go:633\ngithub.com/gin-gonic/gin.(*Engine).ServeHTTP\n\tC:/Users/1/go/pkg/mod/github.com/gin-gonic/gin@v1.10.0/gin.go:589\nnet/http.serverHandler.ServeHTTP\n\tD:/soft/Go/go1.24.0.windows-amd64/go/src/net/http/server.go:3301\nnet/http.(*conn).serve\n\tD:/soft/Go/go1.24.0.windows-amd64/go/src/net/http/server.go:2102"}
{"level":"info","time":"2025-04-12 17:30:19","msg":"Shutting down server..."}
{"level":"error","time":"2025-04-12 17:30:19","msg":"listen: http: Server closed\n","stacktrace":"main.run.func1\n\tD:/go_project/CloudFile/server/main.go:39"}
{"level":"info","time":"2025-04-12 17:30:19","msg":"shutdown-->ok"}
{"level":"info","time":"2025-04-12 23:04:56","msg":"Shutting down server..."}
{"level":"error","time":"2025-04-12 23:04:56","msg":"listen: http: Server closed\n","stacktrace":"main.run.func1\n\tD:/go_project/CloudFile/server/main.go:39"}
{"level":"info","time":"2025-04-12 23:04:56","msg":"shutdown-->ok"}
{"level":"info","time":"2025-04-12 23:26:42","msg":"Shutting down server..."}
{"level":"error","time":"2025-04-12 23:26:42","msg":"listen: http: Server closed\n","stacktrace":"main.run.func1\n\tD:/go_project/CloudFile/server/main.go:39"}
{"level":"info","time":"2025-04-12 23:26:42","msg":"shutdown-->ok"}
{"level":"info","time":"2025-04-12 23:28:50","msg":"Shutting down server..."}
{"level":"error","time":"2025-04-12 23:28:50","msg":"listen: http: Server closed\n","stacktrace":"main.run.func1\n\tD:/go_project/CloudFile/server/main.go:39"}
{"level":"info","time":"2025-04-12 23:28:50","msg":"shutdown-->ok"}
{"level":"info","time":"2025-04-12 23:45:15","msg":"Shutting down server..."}
{"level":"error","time":"2025-04-12 23:45:15","msg":"listen: http: Server closed\n","stacktrace":"main.run.func1\n\tD:/go_project/CloudFile/server/main.go:39"}
{"level":"info","time":"2025-04-12 23:45:15","msg":"shutdown-->ok"}
{"level":"info","time":"2025-04-12 23:47:28","msg":"Shutting down server..."}
{"level":"error","time":"2025-04-12 23:47:28","msg":"listen: http: Server closed\n","stacktrace":"main.run.func1\n\tD:/go_project/CloudFile/server/main.go:39"}
{"level":"info","time":"2025-04-12 23:47:28","msg":"shutdown-->ok"}
{"level":"info","time":"2025-04-12 23:49:02","msg":"Shutting down server..."}
{"level":"error","time":"2025-04-12 23:49:02","msg":"listen: http: Server closed\n","stacktrace":"main.run.func1\n\tD:/go_project/CloudFile/server/main.go:39"}
{"level":"info","time":"2025-04-12 23:49:02","msg":"shutdown-->ok"}
{"level":"info","time":"2025-04-12 23:51:43","msg":"Shutting down server..."}
{"level":"error","time":"2025-04-12 23:51:43","msg":"listen: http: Server closed\n","stacktrace":"main.run.func1\n\tD:/go_project/CloudFile/server/main.go:39"}
{"level":"info","time":"2025-04-12 23:51:43","msg":"shutdown-->ok"}
{"level":"info","time":"2025-04-13 16:56:46","msg":"Shutting down server..."}
{"level":"info","time":"2025-04-13 16:56:46","msg":"shutdown-->ok"}
